<?xml version="1.0" encoding="UTF-8"?>
<!-- Generated by org.testng.reporters.JUnitReportReporter -->
<testsuite skipped="0" hostname="Huseyins-MBP" name="secondTest" tests="1" failures="0" timestamp="21 Mar 2018 08:37:24 GMT" time="10.405" errors="0">
  <testcase name="testUntitled" time="10.405" classname="secondTest"/>
</testsuite> <!-- secondTest -->
